<?xml version="1.0" encoding="UTF-8"?>
<!-- Generated by org.testng.reporters.JUnitReportReporter -->
<testsuite hostname="LAPTOP-2KF1A8HA" failures="0" tests="1" name="projectrakhi.Orangehrmrak" time="13.305" errors="0" timestamp="2024-06-10T10:53:02 IST" skipped="0">
  <testcase classname="projectrakhi.Orangehrmrak" name="addEmployeeTest" time="13.305"/>
  <system-out/>
</testsuite> <!-- projectrakhi.Orangehrmrak -->
